[0801/094820.428:ERROR:process_reader_win.cc(123)] NtOpenThread: {Access Denied} A process has requested access to an object, but has not been granted those access rights. (0xc0000022)
[0801/095012.881:ERROR:process_reader_win.cc(123)] NtOpenThread: {Access Denied} A process has requested access to an object, but has not been granted those access rights. (0xc0000022)
[0801/162232.372:ERROR:process_reader_win.cc(123)] NtOpenThread: {Access Denied} A process has requested access to an object, but has not been granted those access rights. (0xc0000022)
[0801/190112.533:ERROR:process_reader_win.cc(123)] NtOpenThread: {Access Denied} A process has requested access to an object, but has not been granted those access rights. (0xc0000022)
[0801/220126.430:ERROR:process_reader_win.cc(123)] NtOpenThread: {Access Denied} A process has requested access to an object, but has not been granted those access rights. (0xc0000022)
[0802/074038.803:ERROR:process_reader_win.cc(123)] NtOpenThread: {Access Denied} A process has requested access to an object, but has not been granted those access rights. (0xc0000022)
[0802/195812.160:ERROR:process_reader_win.cc(123)] NtOpenThread: {Access Denied} A process has requested access to an object, but has not been granted those access rights. (0xc0000022)
[0802/195812.318:ERROR:file_io.cc(134)] WriteFile: There is not enough space on the disk. (0x70)
[0802/195812.318:ERROR:crash_report_exception_handler.cc(111)] WriteEverything failed
[0802/195812.324:ERROR:filesystem_win.cc(148)] DeleteFile C:\Users\k.a.prabhu\AppData\Local\Google\Chrome\User Data\Crashpad\reports\6e5654b1-a83a-4533-b5c4-cca88303ad98.dmp: The process cannot access the file because it is being used by another process. (0x20)
[0802/211233.983:ERROR:process_reader_win.cc(123)] NtOpenThread: {Access Denied} A process has requested access to an object, but has not been granted those access rights. (0xc0000022)
[0803/110546.607:ERROR:process_reader_win.cc(123)] NtOpenThread: {Access Denied} A process has requested access to an object, but has not been granted those access rights. (0xc0000022)
[0804/081951.793:ERROR:process_reader_win.cc(123)] NtOpenThread: {Access Denied} A process has requested access to an object, but has not been granted those access rights. (0xc0000022)
[0806/220300.559:ERROR:process_reader_win.cc(123)] NtOpenThread: {Access Denied} A process has requested access to an object, but has not been granted those access rights. (0xc0000022)
[0816/125207.451:ERROR:process_reader_win.cc(123)] NtOpenThread: {Access Denied} A process has requested access to an object, but has not been granted those access rights. (0xc0000022)
[0816/140943.804:ERROR:process_reader_win.cc(123)] NtOpenThread: {Access Denied} A process has requested access to an object, but has not been granted those access rights. (0xc0000022)
[0831/192843.402:ERROR:process_reader_win.cc(123)] NtOpenThread: {Access Denied} A process has requested access to an object, but has not been granted those access rights. (0xc0000022)
[0905/091416.487:ERROR:process_reader_win.cc(123)] NtOpenThread: {Access Denied} A process has requested access to an object, but has not been granted those access rights. (0xc0000022)
[0907/195035.399:ERROR:process_reader_win.cc(123)] NtOpenThread: {Access Denied} A process has requested access to an object, but has not been granted those access rights. (0xc0000022)
[0907/195940.110:ERROR:process_reader_win.cc(123)] NtOpenThread: {Access Denied} A process has requested access to an object, but has not been granted those access rights. (0xc0000022)
[0907/200109.529:ERROR:process_reader_win.cc(123)] NtOpenThread: {Access Denied} A process has requested access to an object, but has not been granted those access rights. (0xc0000022)
[0920/081314.473:ERROR:process_reader_win.cc(123)] NtOpenThread: {Access Denied} A process has requested access to an object, but has not been granted those access rights. (0xc0000022)
[1019/154338.042:ERROR:directory_reader_win.cc(43)] FindFirstFile: The system cannot find the path specified. (0x3)
[1025/074829.236:ERROR:directory_reader_win.cc(43)] FindFirstFile: The system cannot find the path specified. (0x3)
[1213/122356.453:ERROR:crash_report_database_win.cc(455)] unexpected header
[1213/152003.109:ERROR:crash_report_database_win.cc(455)] unexpected header
[1213/152749.338:ERROR:crash_report_database_win.cc(455)] unexpected header
[1213/154433.547:ERROR:crash_report_database_win.cc(455)] unexpected header
[1213/155432.700:ERROR:crash_report_database_win.cc(455)] unexpected header
[1213/155432.700:ERROR:directory_reader_win.cc(43)] FindFirstFile: The system cannot find the path specified. (0x3)
[1213/155432.700:ERROR:crash_report_database_win.cc(455)] unexpected header
[1213/155432.700:ERROR:crash_report_database_win.cc(455)] unexpected header
[1213/155932.688:ERROR:crash_report_database_win.cc(455)] unexpected header
[1213/161432.699:ERROR:crash_report_database_win.cc(455)] unexpected header
[1213/162932.699:ERROR:crash_report_database_win.cc(455)] unexpected header
[1213/164432.705:ERROR:crash_report_database_win.cc(455)] unexpected header
[1213/165932.722:ERROR:crash_report_database_win.cc(455)] unexpected header
[1213/171432.727:ERROR:crash_report_database_win.cc(455)] unexpected header
[1213/172932.841:ERROR:crash_report_database_win.cc(455)] unexpected header
[1213/174432.913:ERROR:crash_report_database_win.cc(455)] unexpected header
[1213/175932.715:ERROR:crash_report_database_win.cc(455)] unexpected header
[1213/181432.712:ERROR:crash_report_database_win.cc(455)] unexpected header
[1213/182932.758:ERROR:crash_report_database_win.cc(455)] unexpected header
[1213/184432.775:ERROR:crash_report_database_win.cc(455)] unexpected header
[1213/185932.786:ERROR:crash_report_database_win.cc(455)] unexpected header
[1213/191432.788:ERROR:crash_report_database_win.cc(455)] unexpected header
[1213/192932.791:ERROR:crash_report_database_win.cc(455)] unexpected header
[1213/194432.798:ERROR:crash_report_database_win.cc(455)] unexpected header
[1213/195932.803:ERROR:crash_report_database_win.cc(455)] unexpected header
[1213/201432.800:ERROR:crash_report_database_win.cc(455)] unexpected header
[1213/202932.804:ERROR:crash_report_database_win.cc(455)] unexpected header
[1213/204432.807:ERROR:crash_report_database_win.cc(455)] unexpected header
[1213/205932.820:ERROR:crash_report_database_win.cc(455)] unexpected header
[1213/211432.831:ERROR:crash_report_database_win.cc(455)] unexpected header
[1213/212932.839:ERROR:crash_report_database_win.cc(455)] unexpected header
[1213/214432.842:ERROR:crash_report_database_win.cc(455)] unexpected header
[1213/215932.843:ERROR:crash_report_database_win.cc(455)] unexpected header
[1213/221432.845:ERROR:crash_report_database_win.cc(455)] unexpected header
[1219/085029.594:ERROR:directory_reader_win.cc(43)] FindFirstFile: The system cannot find the path specified. (0x3)
